[debug] [2022-10-20T06:41:50.398Z] ----------------------------------------------------------------------
[debug] [2022-10-20T06:41:50.401Z] Command:       C:\Program Files\nodejs\node.exe C:\Users\Lenovo\AppData\Roaming\npm\node_modules\firebase-tools\lib\bin\firebase.js init
[debug] [2022-10-20T06:41:50.402Z] CLI Version:   11.14.4
[debug] [2022-10-20T06:41:50.402Z] Platform:      win32
[debug] [2022-10-20T06:41:50.402Z] Node Version:  v16.15.0
[debug] [2022-10-20T06:41:50.406Z] Time:          Thu Oct 20 2022 12:11:50 GMT+0530 (India Standard Time)
[debug] [2022-10-20T06:41:50.406Z] ----------------------------------------------------------------------
[debug] 
[debug] [2022-10-20T06:41:50.411Z] >>> [apiv2][query] GET https://firebase-public.firebaseio.com/cli.json [none]
[debug] [2022-10-20T06:41:50.442Z] > command requires scopes: ["email","openid","https://www.googleapis.com/auth/cloudplatformprojects.readonly","https://www.googleapis.com/auth/firebase","https://www.googleapis.com/auth/cloud-platform"]
[debug] [2022-10-20T06:41:50.442Z] > authorizing via signed-in user (sharmagagan1820@gmail.com)
[info] 
     ######## #### ########  ######## ########     ###     ######  ########
     ##        ##  ##     ## ##       ##     ##  ##   ##  ##       ##
     ######    ##  ########  ######   ########  #########  ######  ######
     ##        ##  ##    ##  ##       ##     ## ##     ##       ## ##
     ##       #### ##     ## ######## ########  ##     ##  ######  ########

You're about to initialize a Firebase project in this directory:

  D:\Web Dev\React\whatsapp-2\whatsapp-clone

[debug] [2022-10-20T06:41:51.054Z] <<< [apiv2][status] GET https://firebase-public.firebaseio.com/cli.json 200
[debug] [2022-10-20T06:41:51.055Z] <<< [apiv2][body] GET https://firebase-public.firebaseio.com/cli.json {"cloudBuildErrorAfter":1594252800000,"cloudBuildWarnAfter":1590019200000,"defaultNode10After":1594252800000,"minVersion":"3.0.5","node8DeploysDisabledAfter":1613390400000,"node8RuntimeDisabledAfter":1615809600000,"node8WarnAfter":1600128000000}
